<?xml version="1.0" encoding="UTF-8"?>
<!-- Generated by org.testng.reporters.JUnitReportReporter -->
<testsuite skipped="0" hostname="mayank" name="com.Hubspot.qa.testcases.NewCustomerPageTest" tests="2" failures="0" timestamp="19 Apr 2020 21:13:49 GMT" time="21.813" errors="0">
  <testcase name="verifyNewCustomerPageTitleTest" time="11.042" classname="com.Hubspot.qa.testcases.NewCustomerPageTest"/>
  <testcase name="verifyAddNewCustomerLabelTest" time="10.771" classname="com.Hubspot.qa.testcases.NewCustomerPageTest"/>
</testsuite> <!-- com.Hubspot.qa.testcases.NewCustomerPageTest -->
