<?xml version="1.0" encoding="UTF-8"?>
<!-- Generated by org.testng.reporters.JUnitReportReporter -->
<testsuite skipped="0" hostname="mayank" name="com.Hubspot.qa.testcases.LoginPageTest" tests="2" failures="0" timestamp="19 Apr 2020 20:07:41 GMT" time="18.922" errors="0">
  <testcase name="loginPageTitleTest" time="8.864" classname="com.Hubspot.qa.testcases.LoginPageTest"/>
  <testcase name="loginTest" time="10.058" classname="com.Hubspot.qa.testcases.LoginPageTest"/>
</testsuite> <!-- com.Hubspot.qa.testcases.LoginPageTest -->
