<?xml version="1.0" encoding="UTF-8"?>
<!-- Generated by org.testng.reporters.JUnitReportReporter -->
<testsuite skipped="0" hostname="mayank" name="com.Hubspot.qa.testcases.LoginPageTest" tests="1" failures="0" timestamp="20 Apr 2020 21:39:56 GMT" time="13.251" errors="0">
  <testcase name="loginPageTitleTest" time="13.251" classname="com.Hubspot.qa.testcases.LoginPageTest"/>
</testsuite> <!-- com.Hubspot.qa.testcases.LoginPageTest -->
